{"D:\\code\\npm\\fsd\\src\\index.ts": {"path":"D:\\code\\npm\\fsd\\src\\index.ts","statementMap":{"0":{"start":{"line":27,"column":19},"end":{"line":30,"column":2}}},"fnMap":{},"branchMap":{},"s":{"0":0},"f":{},"b":{}}
,"D:\\code\\npm\\fsd\\src\\bin\\index.ts": {"path":"D:\\code\\npm\\fsd\\src\\bin\\index.ts","statementMap":{"0":{"start":{"line":9,"column":16},"end":{"line":9,"column":29}},"1":{"start":{"line":11,"column":0},"end":{"line":14,"column":20}},"2":{"start":{"line":16,"column":0},"end":{"line":29,"column":5}},"3":{"start":{"line":22,"column":4},"end":{"line":28,"column":5}},"4":{"start":{"line":23,"column":6},"end":{"line":23,"column":40}},"5":{"start":{"line":24,"column":6},"end":{"line":24,"column":62}},"6":{"start":{"line":26,"column":6},"end":{"line":26,"column":114}},"7":{"start":{"line":27,"column":6},"end":{"line":27,"column":22}},"8":{"start":{"line":31,"column":0},"end":{"line":53,"column":5}},"9":{"start":{"line":40,"column":4},"end":{"line":52,"column":5}},"10":{"start":{"line":41,"column":6},"end":{"line":47,"column":9}},"11":{"start":{"line":48,"column":6},"end":{"line":48,"column":71}},"12":{"start":{"line":50,"column":6},"end":{"line":50,"column":110}},"13":{"start":{"line":51,"column":6},"end":{"line":51,"column":22}},"14":{"start":{"line":55,"column":0},"end":{"line":55,"column":16}}},"fnMap":{"0":{"name":"(anonymous_0)","decl":{"start":{"line":21,"column":10},"end":{"line":21,"column":15}},"loc":{"start":{"line":21,"column":43},"end":{"line":29,"column":3}}},"1":{"name":"(anonymous_1)","decl":{"start":{"line":39,"column":10},"end":{"line":39,"column":15}},"loc":{"start":{"line":39,"column":75},"end":{"line":53,"column":3}}}},"branchMap":{"0":{"loc":{"start":{"line":26,"column":54},"end":{"line":26,"column":110}},"type":"cond-expr","locations":[{"start":{"line":26,"column":79},"end":{"line":26,"column":92}},{"start":{"line":26,"column":95},"end":{"line":26,"column":110}}]},"1":{"loc":{"start":{"line":50,"column":50},"end":{"line":50,"column":106}},"type":"cond-expr","locations":[{"start":{"line":50,"column":75},"end":{"line":50,"column":88}},{"start":{"line":50,"column":91},"end":{"line":50,"column":106}}]}},"s":{"0":0,"1":0,"2":0,"3":0,"4":0,"5":0,"6":0,"7":0,"8":0,"9":0,"10":0,"11":0,"12":0,"13":0,"14":0},"f":{"0":0,"1":0},"b":{"0":[0,0],"1":[0,0]}}
,"D:\\code\\npm\\fsd\\src\\commands\\component.ts": {"path":"D:\\code\\npm\\fsd\\src\\commands\\component.ts","statementMap":{"0":{"start":{"line":17,"column":33},"end":{"line":17,"column":78}},"1":{"start":{"line":18,"column":29},"end":{"line":18,"column":50}},"2":{"start":{"line":26,"column":2},"end":{"line":31,"column":3}},"3":{"start":{"line":27,"column":4},"end":{"line":30,"column":25}},"4":{"start":{"line":34,"column":2},"end":{"line":40,"column":3}},"5":{"start":{"line":35,"column":4},"end":{"line":39,"column":25}},"6":{"start":{"line":42,"column":23},"end":{"line":42,"column":67}},"7":{"start":{"line":43,"column":16},"end":{"line":43,"column":45}},"8":{"start":{"line":45,"column":2},"end":{"line":91,"column":3}},"9":{"start":{"line":47,"column":4},"end":{"line":47,"column":30}},"10":{"start":{"line":48,"column":4},"end":{"line":48,"column":58}},"11":{"start":{"line":51,"column":40},"end":{"line":56,"column":6}},"12":{"start":{"line":59,"column":4},"end":{"line":61,"column":5}},"13":{"start":{"line":60,"column":6},"end":{"line":60,"column":77}},"14":{"start":{"line":63,"column":4},"end":{"line":65,"column":5}},"15":{"start":{"line":64,"column":6},"end":{"line":64,"column":78}},"16":{"start":{"line":67,"column":4},"end":{"line":69,"column":5}},"17":{"start":{"line":68,"column":6},"end":{"line":68,"column":78}},"18":{"start":{"line":71,"column":4},"end":{"line":73,"column":5}},"19":{"start":{"line":72,"column":6},"end":{"line":72,"column":76}},"20":{"start":{"line":76,"column":4},"end":{"line":82,"column":6}},"21":{"start":{"line":78,"column":25},"end":{"line":78,"column":56}},"22":{"start":{"line":79,"column":8},"end":{"line":79,"column":50}},"23":{"start":{"line":80,"column":8},"end":{"line":80,"column":65}},"24":{"start":{"line":84,"column":4},"end":{"line":84,"column":79}},"25":{"start":{"line":86,"column":4},"end":{"line":86,"column":108}},"26":{"start":{"line":87,"column":4},"end":{"line":90,"column":25}}},"fnMap":{"0":{"name":"createComponent","decl":{"start":{"line":20,"column":22},"end":{"line":20,"column":37}},"loc":{"start":{"line":23,"column":32},"end":{"line":92,"column":1}}},"1":{"name":"(anonymous_1)","decl":{"start":{"line":77,"column":20},"end":{"line":77,"column":28}},"loc":{"start":{"line":77,"column":31},"end":{"line":81,"column":7}}}},"branchMap":{"0":{"loc":{"start":{"line":23,"column":2},"end":{"line":23,"column":32}},"type":"default-arg","locations":[{"start":{"line":23,"column":30},"end":{"line":23,"column":32}}]},"1":{"loc":{"start":{"line":26,"column":2},"end":{"line":31,"column":3}},"type":"if","locations":[{"start":{"line":26,"column":2},"end":{"line":31,"column":3}}]},"2":{"loc":{"start":{"line":34,"column":2},"end":{"line":40,"column":3}},"type":"if","locations":[{"start":{"line":34,"column":2},"end":{"line":40,"column":3}}]},"3":{"loc":{"start":{"line":59,"column":4},"end":{"line":61,"column":5}},"type":"if","locations":[{"start":{"line":59,"column":4},"end":{"line":61,"column":5}}]},"4":{"loc":{"start":{"line":63,"column":4},"end":{"line":65,"column":5}},"type":"if","locations":[{"start":{"line":63,"column":4},"end":{"line":65,"column":5}}]},"5":{"loc":{"start":{"line":67,"column":4},"end":{"line":69,"column":5}},"type":"if","locations":[{"start":{"line":67,"column":4},"end":{"line":69,"column":5}}]},"6":{"loc":{"start":{"line":71,"column":4},"end":{"line":73,"column":5}},"type":"if","locations":[{"start":{"line":71,"column":4},"end":{"line":73,"column":5}}]},"7":{"loc":{"start":{"line":86,"column":48},"end":{"line":86,"column":104}},"type":"cond-expr","locations":[{"start":{"line":86,"column":73},"end":{"line":86,"column":86}},{"start":{"line":86,"column":89},"end":{"line":86,"column":104}}]},"8":{"loc":{"start":{"line":89,"column":15},"end":{"line":89,"column":84}},"type":"cond-expr","locations":[{"start":{"line":89,"column":40},"end":{"line":89,"column":53}},{"start":{"line":89,"column":56},"end":{"line":89,"column":84}}]}},"s":{"0":1,"1":1,"2":9,"3":1,"4":8,"5":2,"6":6,"7":6,"8":6,"9":6,"10":5,"11":5,"12":5,"13":1,"14":5,"15":1,"16":5,"17":1,"18":5,"19":1,"20":5,"21":24,"22":24,"23":24,"24":5,"25":1,"26":1},"f":{"0":9,"1":24},"b":{"0":[5],"1":[1],"2":[2],"3":[1],"4":[1],"5":[1],"6":[1],"7":[1,0],"8":[1,0]}}
,"D:\\code\\npm\\fsd\\src\\commands\\create.ts": {"path":"D:\\code\\npm\\fsd\\src\\commands\\create.ts","statementMap":{"0":{"start":{"line":6,"column":27},"end":{"line":14,"column":2}},"1":{"start":{"line":16,"column":24},"end":{"line":16,"column":76}},"2":{"start":{"line":22,"column":18},"end":{"line":22,"column":31}},"3":{"start":{"line":23,"column":17},"end":{"line":23,"column":42}},"4":{"start":{"line":25,"column":2},"end":{"line":84,"column":3}},"5":{"start":{"line":27,"column":4},"end":{"line":30,"column":5}},"6":{"start":{"line":28,"column":6},"end":{"line":28,"column":84}},"7":{"start":{"line":29,"column":6},"end":{"line":29,"column":74}},"8":{"start":{"line":33,"column":4},"end":{"line":33,"column":31}},"9":{"start":{"line":34,"column":4},"end":{"line":34,"column":53}},"10":{"start":{"line":37,"column":4},"end":{"line":62,"column":6}},"11":{"start":{"line":39,"column":26},"end":{"line":39,"column":50}},"12":{"start":{"line":40,"column":8},"end":{"line":40,"column":38}},"13":{"start":{"line":41,"column":8},"end":{"line":41,"column":62}},"14":{"start":{"line":44,"column":8},"end":{"line":52,"column":9}},"15":{"start":{"line":45,"column":10},"end":{"line":51,"column":12}},"16":{"start":{"line":47,"column":34},"end":{"line":47,"column":63}},"17":{"start":{"line":48,"column":14},"end":{"line":48,"column":46}},"18":{"start":{"line":49,"column":14},"end":{"line":49,"column":69}},"19":{"start":{"line":55,"column":26},"end":{"line":55,"column":58}},"20":{"start":{"line":56,"column":8},"end":{"line":59,"column":10}},"21":{"start":{"line":60,"column":8},"end":{"line":60,"column":57}},"22":{"start":{"line":65,"column":4},"end":{"line":72,"column":5}},"23":{"start":{"line":66,"column":24},"end":{"line":66,"column":60}},"24":{"start":{"line":67,"column":6},"end":{"line":70,"column":8}},"25":{"start":{"line":71,"column":6},"end":{"line":71,"column":66}},"26":{"start":{"line":74,"column":4},"end":{"line":74,"column":60}},"27":{"start":{"line":76,"column":4},"end":{"line":78,"column":5}},"28":{"start":{"line":77,"column":6},"end":{"line":77,"column":18}},"29":{"start":{"line":79,"column":4},"end":{"line":79,"column":112}},"30":{"start":{"line":80,"column":4},"end":{"line":83,"column":25}}},"fnMap":{"0":{"name":"createFSDStructure","decl":{"start":{"line":21,"column":22},"end":{"line":21,"column":40}},"loc":{"start":{"line":21,"column":67},"end":{"line":85,"column":1}}},"1":{"name":"(anonymous_1)","decl":{"start":{"line":38,"column":17},"end":{"line":38,"column":22}},"loc":{"start":{"line":38,"column":33},"end":{"line":61,"column":7}}},"2":{"name":"(anonymous_2)","decl":{"start":{"line":46,"column":32},"end":{"line":46,"column":37}},"loc":{"start":{"line":46,"column":50},"end":{"line":50,"column":13}}}},"branchMap":{"0":{"loc":{"start":{"line":21,"column":41},"end":{"line":21,"column":67}},"type":"default-arg","locations":[{"start":{"line":21,"column":65},"end":{"line":21,"column":67}}]},"1":{"loc":{"start":{"line":27,"column":4},"end":{"line":30,"column":5}},"type":"if","locations":[{"start":{"line":27,"column":4},"end":{"line":30,"column":5}}]},"2":{"loc":{"start":{"line":27,"column":8},"end":{"line":27,"column":46}},"type":"binary-expr","locations":[{"start":{"line":27,"column":8},"end":{"line":27,"column":29}},{"start":{"line":27,"column":33},"end":{"line":27,"column":46}}]},"3":{"loc":{"start":{"line":44,"column":8},"end":{"line":52,"column":9}},"type":"if","locations":[{"start":{"line":44,"column":8},"end":{"line":52,"column":9}}]},"4":{"loc":{"start":{"line":65,"column":4},"end":{"line":72,"column":5}},"type":"if","locations":[{"start":{"line":65,"column":4},"end":{"line":72,"column":5}}]},"5":{"loc":{"start":{"line":76,"column":4},"end":{"line":78,"column":5}},"type":"if","locations":[{"start":{"line":76,"column":4},"end":{"line":78,"column":5}}]},"6":{"loc":{"start":{"line":79,"column":52},"end":{"line":79,"column":108}},"type":"cond-expr","locations":[{"start":{"line":79,"column":77},"end":{"line":79,"column":90}},{"start":{"line":79,"column":93},"end":{"line":79,"column":108}}]},"7":{"loc":{"start":{"line":82,"column":15},"end":{"line":82,"column":88}},"type":"cond-expr","locations":[{"start":{"line":82,"column":40},"end":{"line":82,"column":53}},{"start":{"line":82,"column":56},"end":{"line":82,"column":88}}]}},"s":{"0":1,"1":1,"2":5,"3":5,"4":5,"5":5,"6":1,"7":1,"8":4,"9":3,"10":3,"11":21,"12":21,"13":21,"14":21,"15":3,"16":18,"17":18,"18":18,"19":21,"20":21,"21":21,"22":3,"23":1,"24":1,"25":1,"26":3,"27":2,"28":1,"29":1,"30":1},"f":{"0":5,"1":21,"2":18},"b":{"0":[3],"1":[1],"2":[5,2],"3":[3],"4":[1],"5":[1],"6":[1,0],"7":[1,0]}}
,"D:\\code\\npm\\fsd\\src\\templates\\typescript.ts": {"path":"D:\\code\\npm\\fsd\\src\\templates\\typescript.ts","statementMap":{"0":{"start":{"line":4,"column":2},"end":{"line":17,"column":4}},"1":{"start":{"line":21,"column":19},"end":{"line":21,"column":26}},"2":{"start":{"line":23,"column":2},"end":{"line":29,"column":4}},"3":{"start":{"line":33,"column":19},"end":{"line":33,"column":26}},"4":{"start":{"line":35,"column":2},"end":{"line":46,"column":4}},"5":{"start":{"line":50,"column":26},"end":{"line":50,"column":33}},"6":{"start":{"line":52,"column":2},"end":{"line":70,"column":4}},"7":{"start":{"line":74,"column":2},"end":{"line":79,"column":4}},"8":{"start":{"line":83,"column":19},"end":{"line":83,"column":26}},"9":{"start":{"line":85,"column":2},"end":{"line":89,"column":4}},"10":{"start":{"line":93,"column":19},"end":{"line":93,"column":26}},"11":{"start":{"line":95,"column":2},"end":{"line":116,"column":4}},"12":{"start":{"line":120,"column":19},"end":{"line":120,"column":26}},"13":{"start":{"line":122,"column":2},"end":{"line":135,"column":4}}},"fnMap":{"0":{"name":"createComponentTemplate","decl":{"start":{"line":3,"column":16},"end":{"line":3,"column":39}},"loc":{"start":{"line":3,"column":65},"end":{"line":18,"column":1}}},"1":{"name":"createTypesTemplate","decl":{"start":{"line":20,"column":16},"end":{"line":20,"column":35}},"loc":{"start":{"line":20,"column":60},"end":{"line":30,"column":1}}},"2":{"name":"createTestTemplate","decl":{"start":{"line":32,"column":16},"end":{"line":32,"column":34}},"loc":{"start":{"line":32,"column":59},"end":{"line":47,"column":1}}},"3":{"name":"createStoryTemplate","decl":{"start":{"line":49,"column":16},"end":{"line":49,"column":35}},"loc":{"start":{"line":49,"column":60},"end":{"line":71,"column":1}}},"4":{"name":"createStyleTemplate","decl":{"start":{"line":73,"column":16},"end":{"line":73,"column":35}},"loc":{"start":{"line":73,"column":60},"end":{"line":80,"column":1}}},"5":{"name":"createIndexTemplate","decl":{"start":{"line":82,"column":16},"end":{"line":82,"column":35}},"loc":{"start":{"line":82,"column":60},"end":{"line":90,"column":1}}},"6":{"name":"createModelTemplate","decl":{"start":{"line":92,"column":16},"end":{"line":92,"column":35}},"loc":{"start":{"line":92,"column":60},"end":{"line":117,"column":1}}},"7":{"name":"createApiTemplate","decl":{"start":{"line":119,"column":16},"end":{"line":119,"column":33}},"loc":{"start":{"line":119,"column":58},"end":{"line":136,"column":1}}}},"branchMap":{},"s":{"0":6,"1":6,"2":6,"3":2,"4":2,"5":2,"6":2,"7":6,"8":6,"9":6,"10":2,"11":2,"12":2,"13":2},"f":{"0":6,"1":6,"2":2,"3":2,"4":6,"5":6,"6":2,"7":2},"b":{}}
,"D:\\code\\npm\\fsd\\src\\utils\\logger.ts": {"path":"D:\\code\\npm\\fsd\\src\\utils\\logger.ts","statementMap":{"0":{"start":{"line":5,"column":26},"end":{"line":5,"column":57}},"1":{"start":{"line":8,"column":22},"end":{"line":34,"column":2}},"2":{"start":{"line":10,"column":4},"end":{"line":12,"column":5}},"3":{"start":{"line":11,"column":6},"end":{"line":11,"column":44}},"4":{"start":{"line":15,"column":4},"end":{"line":17,"column":5}},"5":{"start":{"line":16,"column":6},"end":{"line":16,"column":46}},"6":{"start":{"line":20,"column":4},"end":{"line":22,"column":5}},"7":{"start":{"line":21,"column":6},"end":{"line":21,"column":45}},"8":{"start":{"line":25,"column":4},"end":{"line":27,"column":5}},"9":{"start":{"line":26,"column":6},"end":{"line":26,"column":45}},"10":{"start":{"line":30,"column":4},"end":{"line":32,"column":5}},"11":{"start":{"line":31,"column":6},"end":{"line":31,"column":45}}},"fnMap":{"0":{"name":"(anonymous_0)","decl":{"start":{"line":9,"column":8},"end":{"line":9,"column":9}},"loc":{"start":{"line":9,"column":34},"end":{"line":13,"column":3}}},"1":{"name":"(anonymous_1)","decl":{"start":{"line":14,"column":8},"end":{"line":14,"column":9}},"loc":{"start":{"line":14,"column":34},"end":{"line":18,"column":3}}},"2":{"name":"(anonymous_2)","decl":{"start":{"line":19,"column":9},"end":{"line":19,"column":10}},"loc":{"start":{"line":19,"column":35},"end":{"line":23,"column":3}}},"3":{"name":"(anonymous_3)","decl":{"start":{"line":24,"column":9},"end":{"line":24,"column":10}},"loc":{"start":{"line":24,"column":35},"end":{"line":28,"column":3}}},"4":{"name":"(anonymous_4)","decl":{"start":{"line":29,"column":11},"end":{"line":29,"column":12}},"loc":{"start":{"line":29,"column":37},"end":{"line":33,"column":3}}}},"branchMap":{"0":{"loc":{"start":{"line":10,"column":4},"end":{"line":12,"column":5}},"type":"if","locations":[{"start":{"line":10,"column":4},"end":{"line":12,"column":5}}]},"1":{"loc":{"start":{"line":15,"column":4},"end":{"line":17,"column":5}},"type":"if","locations":[{"start":{"line":15,"column":4},"end":{"line":17,"column":5}}]},"2":{"loc":{"start":{"line":20,"column":4},"end":{"line":22,"column":5}},"type":"if","locations":[{"start":{"line":20,"column":4},"end":{"line":22,"column":5}}]},"3":{"loc":{"start":{"line":25,"column":4},"end":{"line":27,"column":5}},"type":"if","locations":[{"start":{"line":25,"column":4},"end":{"line":27,"column":5}}]},"4":{"loc":{"start":{"line":25,"column":8},"end":{"line":25,"column":47}},"type":"binary-expr","locations":[{"start":{"line":25,"column":8},"end":{"line":25,"column":26}},{"start":{"line":25,"column":30},"end":{"line":25,"column":47}}]},"5":{"loc":{"start":{"line":30,"column":4},"end":{"line":32,"column":5}},"type":"if","locations":[{"start":{"line":30,"column":4},"end":{"line":32,"column":5}}]}},"s":{"0":2,"1":2,"2":0,"3":0,"4":0,"5":0,"6":3,"7":0,"8":93,"9":0,"10":8,"11":0},"f":{"0":0,"1":0,"2":3,"3":93,"4":8},"b":{"0":[0],"1":[0],"2":[0],"3":[0],"4":[93,0],"5":[0]}}
}
