TN:
SF:src\index.ts
FNF:0
FNH:0
DA:27,0
LF:1
LH:0
BRF:0
BRH:0
end_of_record
TN:
SF:src\bin\index.ts
FN:21,(anonymous_0)
FN:39,(anonymous_1)
FNF:2
FNH:0
FNDA:0,(anonymous_0)
FNDA:0,(anonymous_1)
DA:9,0
DA:11,0
DA:16,0
DA:22,0
DA:23,0
DA:24,0
DA:26,0
DA:27,0
DA:31,0
DA:40,0
DA:41,0
DA:48,0
DA:50,0
DA:51,0
DA:55,0
LF:15
LH:0
BRDA:26,0,0,0
BRDA:26,0,1,0
BRDA:50,1,0,0
BRDA:50,1,1,0
BRF:4
BRH:0
end_of_record
TN:
SF:src\commands\component.ts
FN:20,createComponent
FN:77,(anonymous_1)
FNF:2
FNH:2
FNDA:9,createComponent
FNDA:24,(anonymous_1)
DA:17,1
DA:18,1
DA:26,9
DA:27,1
DA:34,8
DA:35,2
DA:42,6
DA:43,6
DA:45,6
DA:47,6
DA:48,5
DA:51,5
DA:59,5
DA:60,1
DA:63,5
DA:64,1
DA:67,5
DA:68,1
DA:71,5
DA:72,1
DA:76,5
DA:78,24
DA:79,24
DA:80,24
DA:84,5
DA:86,1
DA:87,1
LF:27
LH:27
BRDA:23,0,0,5
BRDA:26,1,0,1
BRDA:34,2,0,2
BRDA:59,3,0,1
BRDA:63,4,0,1
BRDA:67,5,0,1
BRDA:71,6,0,1
BRDA:86,7,0,1
BRDA:86,7,1,0
BRDA:89,8,0,1
BRDA:89,8,1,0
BRF:11
BRH:9
end_of_record
TN:
SF:src\commands\create.ts
FN:21,createFSDStructure
FN:38,(anonymous_1)
FN:46,(anonymous_2)
FNF:3
FNH:3
FNDA:5,createFSDStructure
FNDA:21,(anonymous_1)
FNDA:18,(anonymous_2)
DA:6,1
DA:16,1
DA:22,5
DA:23,5
DA:25,5
DA:27,5
DA:28,1
DA:29,1
DA:33,4
DA:34,3
DA:37,3
DA:39,21
DA:40,21
DA:41,21
DA:44,21
DA:45,3
DA:47,18
DA:48,18
DA:49,18
DA:55,21
DA:56,21
DA:60,21
DA:65,3
DA:66,1
DA:67,1
DA:71,1
DA:74,3
DA:76,2
DA:77,1
DA:79,1
DA:80,1
LF:31
LH:31
BRDA:21,0,0,3
BRDA:27,1,0,1
BRDA:27,2,0,5
BRDA:27,2,1,2
BRDA:44,3,0,3
BRDA:65,4,0,1
BRDA:76,5,0,1
BRDA:79,6,0,1
BRDA:79,6,1,0
BRDA:82,7,0,1
BRDA:82,7,1,0
BRF:11
BRH:9
end_of_record
TN:
SF:src\templates\typescript.ts
FN:3,createComponentTemplate
FN:20,createTypesTemplate
FN:32,createTestTemplate
FN:49,createStoryTemplate
FN:73,createStyleTemplate
FN:82,createIndexTemplate
FN:92,createModelTemplate
FN:119,createApiTemplate
FNF:8
FNH:8
FNDA:6,createComponentTemplate
FNDA:6,createTypesTemplate
FNDA:2,createTestTemplate
FNDA:2,createStoryTemplate
FNDA:6,createStyleTemplate
FNDA:6,createIndexTemplate
FNDA:2,createModelTemplate
FNDA:2,createApiTemplate
DA:4,6
DA:21,6
DA:23,6
DA:33,2
DA:35,2
DA:50,2
DA:52,2
DA:74,6
DA:83,6
DA:85,6
DA:93,2
DA:95,2
DA:120,2
DA:122,2
LF:14
LH:14
BRF:0
BRH:0
end_of_record
TN:
SF:src\utils\logger.ts
FN:9,(anonymous_0)
FN:14,(anonymous_1)
FN:19,(anonymous_2)
FN:24,(anonymous_3)
FN:29,(anonymous_4)
FNF:5
FNH:3
FNDA:0,(anonymous_0)
FNDA:0,(anonymous_1)
FNDA:3,(anonymous_2)
FNDA:93,(anonymous_3)
FNDA:8,(anonymous_4)
DA:5,2
DA:8,2
DA:10,0
DA:11,0
DA:15,0
DA:16,0
DA:20,3
DA:21,0
DA:25,93
DA:26,0
DA:30,8
DA:31,0
LF:12
LH:5
BRDA:10,0,0,0
BRDA:15,1,0,0
BRDA:20,2,0,0
BRDA:25,3,0,0
BRDA:25,4,0,93
BRDA:25,4,1,0
BRDA:30,5,0,0
BRF:7
BRH:1
end_of_record
